<?xml version="1.0" encoding="UTF-8"?>
<!-- Generated by org.testng.reporters.JUnitReportReporter -->
<testsuite hostname="DESKTOP-7L9UHK4" failures="0" tests="1" name="Demo1_GET_req" time="3.363" errors="0" timestamp="08 Jan 2022 10:17:05 GMT" skipped="0">
  <testcase classname="Demo1_GET_req" name="getWeatherDetails" time="3.363"/>
</testsuite> <!-- Demo1_GET_req -->
